[debug] [2023-12-13T13:20:37.846Z] ----------------------------------------------------------------------
[debug] [2023-12-13T13:20:37.850Z] Command:       C:\Program Files\nodejs\node.exe C:\Users\Diego\AppData\Roaming\npm\node_modules\firebase-tools\lib\bin\firebase.js init
[debug] [2023-12-13T13:20:37.850Z] CLI Version:   13.0.1
[debug] [2023-12-13T13:20:37.851Z] Platform:      win32
[debug] [2023-12-13T13:20:37.851Z] Node Version:  v18.15.0
[debug] [2023-12-13T13:20:37.854Z] Time:          Wed Dec 13 2023 13:20:37 GMT+0000 (Greenwich Mean Time)
[debug] [2023-12-13T13:20:37.854Z] ----------------------------------------------------------------------
[debug] 
[debug] [2023-12-13T13:20:37.868Z] > command requires scopes: ["email","openid","https://www.googleapis.com/auth/cloudplatformprojects.readonly","https://www.googleapis.com/auth/firebase","https://www.googleapis.com/auth/cloud-platform"]
[debug] [2023-12-13T13:20:37.869Z] > authorizing via signed-in user (merymmery2024@gmail.com)
[info] 
     ######## #### ########  ######## ########     ###     ######  ########
     ##        ##  ##     ## ##       ##     ##  ##   ##  ##       ##
     ######    ##  ########  ######   ########  #########  ######  ######
     ##        ##  ##    ##  ##       ##     ## ##     ##       ## ##
     ##       #### ##     ## ######## ########  ##     ##  ######  ########

You're about to initialize a Firebase project in this directory:

  C:\Users\Diego\cond

[info] 
=== Project Setup
[info] 
[info] First, let's associate this project directory with a Firebase project.
[info] You can create multiple project aliases by running firebase use --add, 
[info] but for now we'll just set up a default project.
[info] 
[debug] [2023-12-13T13:20:43.253Z] >>> [apiv2][query] GET https://firebase.googleapis.com/v1beta1/projects pageSize=100
[debug] [2023-12-13T13:20:44.416Z] <<< [apiv2][status] GET https://firebase.googleapis.com/v1beta1/projects 200
[debug] [2023-12-13T13:20:44.418Z] <<< [apiv2][body] GET https://firebase.googleapis.com/v1beta1/projects [omitted]
[info] i  Using project cond-a45a5 (cond) 
[info] 
=== Database Setup
[info] i  database: ensuring required API firebasedatabase.googleapis.com is enabled... 
[debug] [2023-12-13T13:20:46.035Z] >>> [apiv2][query] GET https://serviceusage.googleapis.com/v1/projects/cond-a45a5/services/firebasedatabase.googleapis.com [none]
[debug] [2023-12-13T13:20:46.036Z] >>> [apiv2][(partial)header] GET https://serviceusage.googleapis.com/v1/projects/cond-a45a5/services/firebasedatabase.googleapis.com x-goog-quota-user=projects/cond-a45a5
[debug] [2023-12-13T13:20:47.459Z] <<< [apiv2][status] GET https://serviceusage.googleapis.com/v1/projects/cond-a45a5/services/firebasedatabase.googleapis.com 200
[debug] [2023-12-13T13:20:47.459Z] <<< [apiv2][body] GET https://serviceusage.googleapis.com/v1/projects/cond-a45a5/services/firebasedatabase.googleapis.com [omitted]
[info] +  database: required API firebasedatabase.googleapis.com is enabled 
[info] 
[debug] [2023-12-13T13:20:47.466Z] >>> [apiv2][query] GET https://firebasedatabase.googleapis.com/v1beta/projects/cond-a45a5/locations/-/instances/cond-a45a5-default-rtdb [none]
[debug] [2023-12-13T13:20:48.993Z] <<< [apiv2][status] GET https://firebasedatabase.googleapis.com/v1beta/projects/cond-a45a5/locations/-/instances/cond-a45a5-default-rtdb 200
[debug] [2023-12-13T13:20:48.994Z] <<< [apiv2][body] GET https://firebasedatabase.googleapis.com/v1beta/projects/cond-a45a5/locations/-/instances/cond-a45a5-default-rtdb {"name":"projects/456024160042/locations/europe-west1/instances/cond-a45a5-default-rtdb","project":"projects/456024160042","databaseUrl":"https://cond-a45a5-default-rtdb.europe-west1.firebasedatabase.app","type":"DEFAULT_DATABASE","state":"ACTIVE"}
[info] 
[info] Firebase Realtime Database Security Rules allow you to define how your data should be
[info] structured and when your data can be read from and written to.
[info] 
[debug] [2023-12-13T13:20:55.143Z] >>> [apiv2][query] GET https://cond-a45a5-default-rtdb.europe-west1.firebasedatabase.app/.settings/rules.json [none]
[debug] [2023-12-13T13:20:55.745Z] <<< [apiv2][status] GET https://cond-a45a5-default-rtdb.europe-west1.firebasedatabase.app/.settings/rules.json 200
[debug] [2023-12-13T13:20:55.746Z] <<< [apiv2][body] GET https://cond-a45a5-default-rtdb.europe-west1.firebasedatabase.app/.settings/rules.json [stream]
[info] +  Database Rules for cond-a45a5-default-rtdb have been written to database.rules.json. 
[info] Future modifications to database.rules.json will update Realtime Database Security Rules when you run
[info] firebase deploy.
[info] 
=== Firestore Setup
[debug] [2023-12-13T13:20:55.762Z] >>> [apiv2][query] GET https://serviceusage.googleapis.com/v1/projects/cond-a45a5/services/firestore.googleapis.com [none]
[debug] [2023-12-13T13:20:55.763Z] >>> [apiv2][(partial)header] GET https://serviceusage.googleapis.com/v1/projects/cond-a45a5/services/firestore.googleapis.com x-goog-quota-user=projects/cond-a45a5
[debug] [2023-12-13T13:20:56.957Z] <<< [apiv2][status] GET https://serviceusage.googleapis.com/v1/projects/cond-a45a5/services/firestore.googleapis.com 200
[debug] [2023-12-13T13:20:56.958Z] <<< [apiv2][body] GET https://serviceusage.googleapis.com/v1/projects/cond-a45a5/services/firestore.googleapis.com [omitted]
[debug] [2023-12-13T13:20:56.960Z] >>> [apiv2][query] GET https://firestore.googleapis.com/v1/projects/cond-a45a5/databases/(default) [none]
[debug] [2023-12-13T13:20:57.402Z] <<< [apiv2][status] GET https://firestore.googleapis.com/v1/projects/cond-a45a5/databases/(default) 200
[debug] [2023-12-13T13:20:57.402Z] <<< [apiv2][body] GET https://firestore.googleapis.com/v1/projects/cond-a45a5/databases/(default) {"name":"projects/cond-a45a5/databases/(default)","uid":"ebd3cde7-094d-41a2-a48f-d5a98d87423c","createTime":"2023-12-12T23:58:44.054597Z","updateTime":"2023-12-12T23:58:44.054597Z","locationId":"eur3","type":"FIRESTORE_NATIVE","concurrencyMode":"PESSIMISTIC","versionRetentionPeriod":"3600s","earliestVersionTime":"2023-12-13T12:20:56.302608Z","appEngineIntegrationMode":"ENABLED","keyPrefix":"e","pointInTimeRecoveryEnablement":"POINT_IN_TIME_RECOVERY_DISABLED","deleteProtectionState":"DELETE_PROTECTION_DISABLED","etag":"IIj0l8zAjIMDMI2M3fW+jIMD"}
[debug] [2023-12-13T13:20:57.403Z] database_type: FIRESTORE_NATIVE
[debug] [2023-12-13T13:20:57.405Z] > command requires scopes: ["email","openid","https://www.googleapis.com/auth/cloudplatformprojects.readonly","https://www.googleapis.com/auth/firebase","https://www.googleapis.com/auth/cloud-platform"]
[debug] [2023-12-13T13:20:57.406Z] > authorizing via signed-in user (merymmery2024@gmail.com)
[debug] [2023-12-13T13:20:57.406Z] [iam] checking project cond-a45a5 for permissions ["firebase.projects.get"]
[debug] [2023-12-13T13:20:57.410Z] >>> [apiv2][query] POST https://cloudresourcemanager.googleapis.com/v1/projects/cond-a45a5:testIamPermissions [none]
[debug] [2023-12-13T13:20:57.410Z] >>> [apiv2][(partial)header] POST https://cloudresourcemanager.googleapis.com/v1/projects/cond-a45a5:testIamPermissions x-goog-quota-user=projects/cond-a45a5
[debug] [2023-12-13T13:20:57.411Z] >>> [apiv2][body] POST https://cloudresourcemanager.googleapis.com/v1/projects/cond-a45a5:testIamPermissions {"permissions":["firebase.projects.get"]}
[debug] [2023-12-13T13:20:58.411Z] <<< [apiv2][status] POST https://cloudresourcemanager.googleapis.com/v1/projects/cond-a45a5:testIamPermissions 200
[debug] [2023-12-13T13:20:58.412Z] <<< [apiv2][body] POST https://cloudresourcemanager.googleapis.com/v1/projects/cond-a45a5:testIamPermissions {"permissions":["firebase.projects.get"]}
[info] 
[info] Firestore Security Rules allow you to define how and when to allow
[info] requests. You can keep these rules in your project directory
[info] and publish them with firebase deploy.
[info] 
[debug] [2023-12-13T13:21:07.667Z] >>> [apiv2][query] GET https://firebaserules.googleapis.com/v1/projects/cond-a45a5/releases pageSize=10&pageToken=
[debug] [2023-12-13T13:21:08.447Z] <<< [apiv2][status] GET https://firebaserules.googleapis.com/v1/projects/cond-a45a5/releases 200
[debug] [2023-12-13T13:21:08.447Z] <<< [apiv2][body] GET https://firebaserules.googleapis.com/v1/projects/cond-a45a5/releases {"releases":[{"name":"projects/cond-a45a5/releases/cloud.firestore","rulesetName":"projects/cond-a45a5/rulesets/25324a26-d21f-4889-a44f-1669d657fde6","createTime":"2023-12-13T13:13:33.752174Z","updateTime":"2023-12-13T13:18:48.747789Z"},{"name":"projects/cond-a45a5/releases/firebase.storage/cond-a45a5.appspot.com","rulesetName":"projects/cond-a45a5/rulesets/99e5defe-9516-40b8-bb93-2efa77b264ba","createTime":"2023-12-12T23:59:08.372229Z","updateTime":"2023-12-13T04:17:40.164789Z"}]}
[debug] [2023-12-13T13:21:08.448Z] Found ruleset: projects/cond-a45a5/rulesets/25324a26-d21f-4889-a44f-1669d657fde6
[debug] [2023-12-13T13:21:08.450Z] >>> [apiv2][query] GET https://firebaserules.googleapis.com/v1/projects/cond-a45a5/rulesets/25324a26-d21f-4889-a44f-1669d657fde6 [none]
[debug] [2023-12-13T13:21:09.677Z] <<< [apiv2][status] GET https://firebaserules.googleapis.com/v1/projects/cond-a45a5/rulesets/25324a26-d21f-4889-a44f-1669d657fde6 200
[debug] [2023-12-13T13:21:09.677Z] <<< [apiv2][body] GET https://firebaserules.googleapis.com/v1/projects/cond-a45a5/rulesets/25324a26-d21f-4889-a44f-1669d657fde6 [omitted]
[info] 
[info] Firestore indexes allow you to perform complex queries while
[info] maintaining performance that scales with the size of the result
[info] set. You can keep index definitions in your project directory
[info] and publish them with firebase deploy.
[info] 
[debug] [2023-12-13T13:21:13.461Z] >>> [apiv2][query] GET https://firestore.googleapis.com/v1/projects/cond-a45a5/databases/(default)/collectionGroups/-/indexes [none]
[debug] [2023-12-13T13:21:13.472Z] >>> [apiv2][query] GET https://firestore.googleapis.com/v1/projects/cond-a45a5/databases/(default)/collectionGroups/-/fields?filter=indexConfig.usesAncestorConfig=false OR ttlConfig:* [none]
[debug] [2023-12-13T13:21:14.083Z] <<< [apiv2][status] GET https://firestore.googleapis.com/v1/projects/cond-a45a5/databases/(default)/collectionGroups/-/fields?filter=indexConfig.usesAncestorConfig=false OR ttlConfig:* 200
[debug] [2023-12-13T13:21:14.083Z] <<< [apiv2][body] GET https://firestore.googleapis.com/v1/projects/cond-a45a5/databases/(default)/collectionGroups/-/fields?filter=indexConfig.usesAncestorConfig=false OR ttlConfig:* {"fields":[{"name":"projects/cond-a45a5/databases/(default)/collectionGroups/__default__/fields/*","indexConfig":{"indexes":[{"queryScope":"COLLECTION","fields":[{"fieldPath":"*","order":"ASCENDING"}],"state":"READY"},{"queryScope":"COLLECTION","fields":[{"fieldPath":"*","order":"DESCENDING"}],"state":"READY"},{"queryScope":"COLLECTION","fields":[{"fieldPath":"*","arrayConfig":"CONTAINS"}],"state":"READY"}]}}]}
[debug] [2023-12-13T13:21:14.087Z] <<< [apiv2][status] GET https://firestore.googleapis.com/v1/projects/cond-a45a5/databases/(default)/collectionGroups/-/indexes 200
[debug] [2023-12-13T13:21:14.087Z] <<< [apiv2][body] GET https://firestore.googleapis.com/v1/projects/cond-a45a5/databases/(default)/collectionGroups/-/indexes {}
[info] 
=== Functions Setup
[debug] [2023-12-13T13:21:14.103Z] > command requires scopes: ["email","openid","https://www.googleapis.com/auth/cloudplatformprojects.readonly","https://www.googleapis.com/auth/firebase","https://www.googleapis.com/auth/cloud-platform"]
[debug] [2023-12-13T13:21:14.103Z] > authorizing via signed-in user (merymmery2024@gmail.com)
[debug] [2023-12-13T13:21:14.104Z] [iam] checking project cond-a45a5 for permissions ["firebase.projects.get"]
[debug] [2023-12-13T13:21:14.105Z] >>> [apiv2][query] POST https://cloudresourcemanager.googleapis.com/v1/projects/cond-a45a5:testIamPermissions [none]
[debug] [2023-12-13T13:21:14.105Z] >>> [apiv2][(partial)header] POST https://cloudresourcemanager.googleapis.com/v1/projects/cond-a45a5:testIamPermissions x-goog-quota-user=projects/cond-a45a5
[debug] [2023-12-13T13:21:14.105Z] >>> [apiv2][body] POST https://cloudresourcemanager.googleapis.com/v1/projects/cond-a45a5:testIamPermissions {"permissions":["firebase.projects.get"]}
[debug] [2023-12-13T13:21:14.487Z] <<< [apiv2][status] POST https://cloudresourcemanager.googleapis.com/v1/projects/cond-a45a5:testIamPermissions 200
[debug] [2023-12-13T13:21:14.488Z] <<< [apiv2][body] POST https://cloudresourcemanager.googleapis.com/v1/projects/cond-a45a5:testIamPermissions {"permissions":["firebase.projects.get"]}
[debug] [2023-12-13T13:21:14.489Z] >>> [apiv2][query] GET https://serviceusage.googleapis.com/v1/projects/cond-a45a5/services/cloudfunctions.googleapis.com [none]
[debug] [2023-12-13T13:21:14.489Z] >>> [apiv2][(partial)header] GET https://serviceusage.googleapis.com/v1/projects/cond-a45a5/services/cloudfunctions.googleapis.com x-goog-quota-user=projects/cond-a45a5
[debug] [2023-12-13T13:21:14.500Z] >>> [apiv2][query] GET https://serviceusage.googleapis.com/v1/projects/cond-a45a5/services/runtimeconfig.googleapis.com [none]
[debug] [2023-12-13T13:21:14.501Z] >>> [apiv2][(partial)header] GET https://serviceusage.googleapis.com/v1/projects/cond-a45a5/services/runtimeconfig.googleapis.com x-goog-quota-user=projects/cond-a45a5
[debug] [2023-12-13T13:21:15.620Z] <<< [apiv2][status] GET https://serviceusage.googleapis.com/v1/projects/cond-a45a5/services/cloudfunctions.googleapis.com 200
[debug] [2023-12-13T13:21:15.621Z] <<< [apiv2][body] GET https://serviceusage.googleapis.com/v1/projects/cond-a45a5/services/cloudfunctions.googleapis.com [omitted]
[debug] [2023-12-13T13:21:15.624Z] >>> [apiv2][query] POST https://serviceusage.googleapis.com/v1/projects/cond-a45a5/services/cloudfunctions.googleapis.com:enable [none]
[debug] [2023-12-13T13:21:15.625Z] >>> [apiv2][(partial)header] POST https://serviceusage.googleapis.com/v1/projects/cond-a45a5/services/cloudfunctions.googleapis.com:enable x-goog-quota-user=projects/cond-a45a5
[debug] [2023-12-13T13:21:15.648Z] <<< [apiv2][status] GET https://serviceusage.googleapis.com/v1/projects/cond-a45a5/services/runtimeconfig.googleapis.com 200
[debug] [2023-12-13T13:21:15.649Z] <<< [apiv2][body] GET https://serviceusage.googleapis.com/v1/projects/cond-a45a5/services/runtimeconfig.googleapis.com [omitted]
[debug] [2023-12-13T13:21:17.456Z] <<< [apiv2][status] POST https://serviceusage.googleapis.com/v1/projects/cond-a45a5/services/cloudfunctions.googleapis.com:enable 200
[debug] [2023-12-13T13:21:17.457Z] <<< [apiv2][body] POST https://serviceusage.googleapis.com/v1/projects/cond-a45a5/services/cloudfunctions.googleapis.com:enable [omitted]
[debug] [2023-12-13T13:21:27.464Z] >>> [apiv2][query] GET https://serviceusage.googleapis.com/v1/projects/cond-a45a5/services/cloudfunctions.googleapis.com [none]
[debug] [2023-12-13T13:21:27.466Z] >>> [apiv2][(partial)header] GET https://serviceusage.googleapis.com/v1/projects/cond-a45a5/services/cloudfunctions.googleapis.com x-goog-quota-user=projects/cond-a45a5
[debug] [2023-12-13T13:21:28.831Z] <<< [apiv2][status] GET https://serviceusage.googleapis.com/v1/projects/cond-a45a5/services/cloudfunctions.googleapis.com 200
[debug] [2023-12-13T13:21:28.832Z] <<< [apiv2][body] GET https://serviceusage.googleapis.com/v1/projects/cond-a45a5/services/cloudfunctions.googleapis.com [omitted]
[info] Let's create a new codebase for your functions.
[info] A directory corresponding to the codebase will be created in your project
[info] with sample code pre-configured.

[info] See https://firebase.google.com/docs/functions/organize-functions for
[info] more information on organizing your functions using codebases.

[info] Functions can be deployed with firebase deploy.

[info] +  Wrote functions/package.json 
[info] +  Wrote functions/.eslintrc.js 
[info] +  Wrote functions/index.js 
[info] +  Wrote functions/.gitignore 
[info] 
=== Hosting Setup
[debug] [2023-12-13T13:23:50.801Z] >>> [apiv2][query] GET https://firebase.googleapis.com/v1beta1/projects/cond-a45a5 [none]
[debug] [2023-12-13T13:23:51.468Z] <<< [apiv2][status] GET https://firebase.googleapis.com/v1beta1/projects/cond-a45a5 200
[debug] [2023-12-13T13:23:51.468Z] <<< [apiv2][body] GET https://firebase.googleapis.com/v1beta1/projects/cond-a45a5 {"projectId":"cond-a45a5","projectNumber":"456024160042","displayName":"cond","name":"projects/cond-a45a5","resources":{"hostingSite":"cond-a45a5","realtimeDatabaseInstance":"cond-a45a5-default-rtdb","storageBucket":"cond-a45a5.appspot.com","locationId":"europe-west"},"state":"ACTIVE","etag":"1_6754b738-633a-4ef5-8f7d-dccc616bc26e"}
[info] 
[info] Your public directory is the folder (relative to your project directory) that
[info] will contain Hosting assets to be uploaded with firebase deploy. If you
[info] have a build process for your assets, use your build's output directory.
[info] 
[debug] [2023-12-13T13:26:24.947Z] >>> [apiv2][query] GET https://www.gstatic.com/firebasejs/releases.json [none]
[debug] [2023-12-13T13:26:25.469Z] <<< [apiv2][status] GET https://www.gstatic.com/firebasejs/releases.json 200
[debug] [2023-12-13T13:26:25.469Z] <<< [apiv2][body] GET https://www.gstatic.com/firebasejs/releases.json {"current":{"version":"10.7.1","browserURL":"https://www.gstatic.com/firebasejs/10.7.1/firebase.js","packageURL":"https://www.gstatic.com/firebasejs/10.7.1/firebase.tgz"},"live":{"version":"10.7","browserURL":"https://www.gstatic.com/firebasejs/live/10.7/firebase.js","packageURL":"https://www.gstatic.com/firebasejs/live/10.7/firebase.tgz"},"components":{"analytics":"https://www.gstatic.com/firebasejs/10.7.1/firebase-analytics.js","app":"https://www.gstatic.com/firebasejs/10.7.1/firebase-app.js","app-check":"https://www.gstatic.com/firebasejs/10.7.1/firebase-app-check.js","auth":"https://www.gstatic.com/firebasejs/10.7.1/firebase-auth.js","auth/cordova":"https://www.gstatic.com/firebasejs/10.7.1/firebase-auth/cordova.js","functions":"https://www.gstatic.com/firebasejs/10.7.1/firebase-functions.js","firestore":"https://www.gstatic.com/firebasejs/10.7.1/firebase-firestore.js","firestore/lite":"https://www.gstatic.com/firebasejs/10.7.1/firebase-firestore/lite.js","installations":"https://www.gstatic.com/firebasejs/10.7.1/firebase-installations.js","storage":"https://www.gstatic.com/firebasejs/10.7.1/firebase-storage.js","performance":"https://www.gstatic.com/firebasejs/10.7.1/firebase-performance.js","remote-config":"https://www.gstatic.com/firebasejs/10.7.1/firebase-remote-config.js","messaging":"https://www.gstatic.com/firebasejs/10.7.1/firebase-messaging.js","messaging/sw":"https://www.gstatic.com/firebasejs/10.7.1/firebase-messaging/sw.js","database":"https://www.gstatic.com/firebasejs/10.7.1/firebase-database.js","firestore.memory":"https://www.gstatic.com/firebasejs/10.7.1/firebase-firestore.memory.js"}}
[debug] [2023-12-13T13:27:46.863Z] ----------------------------------------------------------------------
[debug] [2023-12-13T13:27:46.868Z] Command:       C:\Program Files\nodejs\node.exe C:\Users\Diego\AppData\Roaming\npm\node_modules\firebase-tools\lib\bin\firebase.js init
[debug] [2023-12-13T13:27:46.869Z] CLI Version:   13.0.1
[debug] [2023-12-13T13:27:46.870Z] Platform:      win32
[debug] [2023-12-13T13:27:46.871Z] Node Version:  v18.15.0
[debug] [2023-12-13T13:27:46.874Z] Time:          Wed Dec 13 2023 13:27:46 GMT+0000 (Greenwich Mean Time)
[debug] [2023-12-13T13:27:46.875Z] ----------------------------------------------------------------------
[debug] 
[debug] [2023-12-13T13:27:46.897Z] > command requires scopes: ["email","openid","https://www.googleapis.com/auth/cloudplatformprojects.readonly","https://www.googleapis.com/auth/firebase","https://www.googleapis.com/auth/cloud-platform"]
[debug] [2023-12-13T13:27:46.899Z] > authorizing via signed-in user (merymmery2024@gmail.com)
[info] 
     ######## #### ########  ######## ########     ###     ######  ########
     ##        ##  ##     ## ##       ##     ##  ##   ##  ##       ##
     ######    ##  ########  ######   ########  #########  ######  ######
     ##        ##  ##    ##  ##       ##     ## ##     ##       ## ##
     ##       #### ##     ## ######## ########  ##     ##  ######  ########

You're about to initialize a Firebase project in this directory:

  C:\Users\Diego\cond

[info] 
=== Project Setup
[info] 
[info] First, let's associate this project directory with a Firebase project.
[info] You can create multiple project aliases by running firebase use --add, 
[info] but for now we'll just set up a default project.
[info] 
[debug] [2023-12-13T13:27:57.588Z] >>> [apiv2][query] GET https://firebase.googleapis.com/v1beta1/projects pageSize=100
[debug] [2023-12-13T13:27:58.772Z] <<< [apiv2][status] GET https://firebase.googleapis.com/v1beta1/projects 200
[debug] [2023-12-13T13:27:58.772Z] <<< [apiv2][body] GET https://firebase.googleapis.com/v1beta1/projects [omitted]
[info] i  Using project cond-a45a5 (cond) 
[info] 
=== Database Setup
[info] i  database: ensuring required API firebasedatabase.googleapis.com is enabled... 
[debug] [2023-12-13T13:28:00.338Z] >>> [apiv2][query] GET https://serviceusage.googleapis.com/v1/projects/cond-a45a5/services/firebasedatabase.googleapis.com [none]
[debug] [2023-12-13T13:28:00.338Z] >>> [apiv2][(partial)header] GET https://serviceusage.googleapis.com/v1/projects/cond-a45a5/services/firebasedatabase.googleapis.com x-goog-quota-user=projects/cond-a45a5
[debug] [2023-12-13T13:28:01.631Z] <<< [apiv2][status] GET https://serviceusage.googleapis.com/v1/projects/cond-a45a5/services/firebasedatabase.googleapis.com 200
[debug] [2023-12-13T13:28:01.631Z] <<< [apiv2][body] GET https://serviceusage.googleapis.com/v1/projects/cond-a45a5/services/firebasedatabase.googleapis.com [omitted]
[info] +  database: required API firebasedatabase.googleapis.com is enabled 
[info] 
[debug] [2023-12-13T13:28:01.634Z] >>> [apiv2][query] GET https://firebasedatabase.googleapis.com/v1beta/projects/cond-a45a5/locations/-/instances/cond-a45a5-default-rtdb [none]
[debug] [2023-12-13T13:28:02.958Z] <<< [apiv2][status] GET https://firebasedatabase.googleapis.com/v1beta/projects/cond-a45a5/locations/-/instances/cond-a45a5-default-rtdb 200
[debug] [2023-12-13T13:28:02.959Z] <<< [apiv2][body] GET https://firebasedatabase.googleapis.com/v1beta/projects/cond-a45a5/locations/-/instances/cond-a45a5-default-rtdb {"name":"projects/456024160042/locations/europe-west1/instances/cond-a45a5-default-rtdb","project":"projects/456024160042","databaseUrl":"https://cond-a45a5-default-rtdb.europe-west1.firebasedatabase.app","type":"DEFAULT_DATABASE","state":"ACTIVE"}
[info] 
[info] Firebase Realtime Database Security Rules allow you to define how your data should be
[info] structured and when your data can be read from and written to.
[info] 
[debug] [2023-12-13T13:28:12.989Z] >>> [apiv2][query] GET https://cond-a45a5-default-rtdb.europe-west1.firebasedatabase.app/.settings/rules.json [none]
[debug] [2023-12-13T13:28:13.644Z] <<< [apiv2][status] GET https://cond-a45a5-default-rtdb.europe-west1.firebasedatabase.app/.settings/rules.json 200
[debug] [2023-12-13T13:28:13.645Z] <<< [apiv2][body] GET https://cond-a45a5-default-rtdb.europe-west1.firebasedatabase.app/.settings/rules.json [stream]
[info] +  Database Rules for cond-a45a5-default-rtdb have been written to database.rules.json. 
[info] Future modifications to database.rules.json will update Realtime Database Security Rules when you run
[info] firebase deploy.
[info] 
=== Firestore Setup
[debug] [2023-12-13T13:28:13.663Z] >>> [apiv2][query] GET https://serviceusage.googleapis.com/v1/projects/cond-a45a5/services/firestore.googleapis.com [none]
[debug] [2023-12-13T13:28:13.664Z] >>> [apiv2][(partial)header] GET https://serviceusage.googleapis.com/v1/projects/cond-a45a5/services/firestore.googleapis.com x-goog-quota-user=projects/cond-a45a5
[debug] [2023-12-13T13:28:14.939Z] <<< [apiv2][status] GET https://serviceusage.googleapis.com/v1/projects/cond-a45a5/services/firestore.googleapis.com 200
[debug] [2023-12-13T13:28:14.939Z] <<< [apiv2][body] GET https://serviceusage.googleapis.com/v1/projects/cond-a45a5/services/firestore.googleapis.com [omitted]
[debug] [2023-12-13T13:28:14.940Z] >>> [apiv2][query] GET https://firestore.googleapis.com/v1/projects/cond-a45a5/databases/(default) [none]
[debug] [2023-12-13T13:28:15.662Z] <<< [apiv2][status] GET https://firestore.googleapis.com/v1/projects/cond-a45a5/databases/(default) 200
[debug] [2023-12-13T13:28:15.662Z] <<< [apiv2][body] GET https://firestore.googleapis.com/v1/projects/cond-a45a5/databases/(default) {"name":"projects/cond-a45a5/databases/(default)","uid":"ebd3cde7-094d-41a2-a48f-d5a98d87423c","createTime":"2023-12-12T23:58:44.054597Z","updateTime":"2023-12-12T23:58:44.054597Z","locationId":"eur3","type":"FIRESTORE_NATIVE","concurrencyMode":"PESSIMISTIC","versionRetentionPeriod":"3600s","earliestVersionTime":"2023-12-13T12:28:14.571812Z","appEngineIntegrationMode":"ENABLED","keyPrefix":"e","pointInTimeRecoveryEnablement":"POINT_IN_TIME_RECOVERY_DISABLED","deleteProtectionState":"DELETE_PROTECTION_DISABLED","etag":"IMTelZ3CjIMDMI2M3fW+jIMD"}
[debug] [2023-12-13T13:28:15.663Z] database_type: FIRESTORE_NATIVE
[debug] [2023-12-13T13:28:15.664Z] > command requires scopes: ["email","openid","https://www.googleapis.com/auth/cloudplatformprojects.readonly","https://www.googleapis.com/auth/firebase","https://www.googleapis.com/auth/cloud-platform"]
[debug] [2023-12-13T13:28:15.665Z] > authorizing via signed-in user (merymmery2024@gmail.com)
[debug] [2023-12-13T13:28:15.666Z] [iam] checking project cond-a45a5 for permissions ["firebase.projects.get"]
[debug] [2023-12-13T13:28:15.669Z] >>> [apiv2][query] POST https://cloudresourcemanager.googleapis.com/v1/projects/cond-a45a5:testIamPermissions [none]
[debug] [2023-12-13T13:28:15.669Z] >>> [apiv2][(partial)header] POST https://cloudresourcemanager.googleapis.com/v1/projects/cond-a45a5:testIamPermissions x-goog-quota-user=projects/cond-a45a5
[debug] [2023-12-13T13:28:15.670Z] >>> [apiv2][body] POST https://cloudresourcemanager.googleapis.com/v1/projects/cond-a45a5:testIamPermissions {"permissions":["firebase.projects.get"]}
[debug] [2023-12-13T13:28:16.678Z] <<< [apiv2][status] POST https://cloudresourcemanager.googleapis.com/v1/projects/cond-a45a5:testIamPermissions 200
[debug] [2023-12-13T13:28:16.679Z] <<< [apiv2][body] POST https://cloudresourcemanager.googleapis.com/v1/projects/cond-a45a5:testIamPermissions {"permissions":["firebase.projects.get"]}
[info] 
[info] Firestore Security Rules allow you to define how and when to allow
[info] requests. You can keep these rules in your project directory
[info] and publish them with firebase deploy.
[info] 
[debug] [2023-12-13T13:29:22.268Z] >>> [apiv2][query] GET https://firebaserules.googleapis.com/v1/projects/cond-a45a5/releases pageSize=10&pageToken=
[debug] [2023-12-13T13:29:23.452Z] <<< [apiv2][status] GET https://firebaserules.googleapis.com/v1/projects/cond-a45a5/releases 200
[debug] [2023-12-13T13:29:23.452Z] <<< [apiv2][body] GET https://firebaserules.googleapis.com/v1/projects/cond-a45a5/releases {"releases":[{"name":"projects/cond-a45a5/releases/cloud.firestore","rulesetName":"projects/cond-a45a5/rulesets/25324a26-d21f-4889-a44f-1669d657fde6","createTime":"2023-12-13T13:13:33.752174Z","updateTime":"2023-12-13T13:18:48.747789Z"},{"name":"projects/cond-a45a5/releases/firebase.storage/cond-a45a5.appspot.com","rulesetName":"projects/cond-a45a5/rulesets/99e5defe-9516-40b8-bb93-2efa77b264ba","createTime":"2023-12-12T23:59:08.372229Z","updateTime":"2023-12-13T04:17:40.164789Z"}]}
[debug] [2023-12-13T13:29:23.453Z] Found ruleset: projects/cond-a45a5/rulesets/25324a26-d21f-4889-a44f-1669d657fde6
[debug] [2023-12-13T13:29:23.455Z] >>> [apiv2][query] GET https://firebaserules.googleapis.com/v1/projects/cond-a45a5/rulesets/25324a26-d21f-4889-a44f-1669d657fde6 [none]
[debug] [2023-12-13T13:29:23.889Z] <<< [apiv2][status] GET https://firebaserules.googleapis.com/v1/projects/cond-a45a5/rulesets/25324a26-d21f-4889-a44f-1669d657fde6 200
[debug] [2023-12-13T13:29:23.890Z] <<< [apiv2][body] GET https://firebaserules.googleapis.com/v1/projects/cond-a45a5/rulesets/25324a26-d21f-4889-a44f-1669d657fde6 [omitted]
[info] 
[info] Firestore indexes allow you to perform complex queries while
[info] maintaining performance that scales with the size of the result
[info] set. You can keep index definitions in your project directory
[info] and publish them with firebase deploy.
[info] 
[debug] [2023-12-13T13:29:29.517Z] >>> [apiv2][query] GET https://firestore.googleapis.com/v1/projects/cond-a45a5/databases/(default)/collectionGroups/-/indexes [none]
[debug] [2023-12-13T13:29:29.521Z] >>> [apiv2][query] GET https://firestore.googleapis.com/v1/projects/cond-a45a5/databases/(default)/collectionGroups/-/fields?filter=indexConfig.usesAncestorConfig=false OR ttlConfig:* [none]
[debug] [2023-12-13T13:29:29.895Z] <<< [apiv2][status] GET https://firestore.googleapis.com/v1/projects/cond-a45a5/databases/(default)/collectionGroups/-/indexes 200
[debug] [2023-12-13T13:29:29.896Z] <<< [apiv2][body] GET https://firestore.googleapis.com/v1/projects/cond-a45a5/databases/(default)/collectionGroups/-/indexes {}
[debug] [2023-12-13T13:29:29.995Z] <<< [apiv2][status] GET https://firestore.googleapis.com/v1/projects/cond-a45a5/databases/(default)/collectionGroups/-/fields?filter=indexConfig.usesAncestorConfig=false OR ttlConfig:* 200
[debug] [2023-12-13T13:29:29.995Z] <<< [apiv2][body] GET https://firestore.googleapis.com/v1/projects/cond-a45a5/databases/(default)/collectionGroups/-/fields?filter=indexConfig.usesAncestorConfig=false OR ttlConfig:* {"fields":[{"name":"projects/cond-a45a5/databases/(default)/collectionGroups/__default__/fields/*","indexConfig":{"indexes":[{"queryScope":"COLLECTION","fields":[{"fieldPath":"*","order":"ASCENDING"}],"state":"READY"},{"queryScope":"COLLECTION","fields":[{"fieldPath":"*","order":"DESCENDING"}],"state":"READY"},{"queryScope":"COLLECTION","fields":[{"fieldPath":"*","arrayConfig":"CONTAINS"}],"state":"READY"}]}}]}
[info] 
=== Functions Setup
[debug] [2023-12-13T13:29:29.999Z] > command requires scopes: ["email","openid","https://www.googleapis.com/auth/cloudplatformprojects.readonly","https://www.googleapis.com/auth/firebase","https://www.googleapis.com/auth/cloud-platform"]
[debug] [2023-12-13T13:29:30.000Z] > authorizing via signed-in user (merymmery2024@gmail.com)
[debug] [2023-12-13T13:29:30.000Z] [iam] checking project cond-a45a5 for permissions ["firebase.projects.get"]
[debug] [2023-12-13T13:29:30.001Z] >>> [apiv2][query] POST https://cloudresourcemanager.googleapis.com/v1/projects/cond-a45a5:testIamPermissions [none]
[debug] [2023-12-13T13:29:30.001Z] >>> [apiv2][(partial)header] POST https://cloudresourcemanager.googleapis.com/v1/projects/cond-a45a5:testIamPermissions x-goog-quota-user=projects/cond-a45a5
[debug] [2023-12-13T13:29:30.001Z] >>> [apiv2][body] POST https://cloudresourcemanager.googleapis.com/v1/projects/cond-a45a5:testIamPermissions {"permissions":["firebase.projects.get"]}
[debug] [2023-12-13T13:29:31.019Z] <<< [apiv2][status] POST https://cloudresourcemanager.googleapis.com/v1/projects/cond-a45a5:testIamPermissions 200
[debug] [2023-12-13T13:29:31.020Z] <<< [apiv2][body] POST https://cloudresourcemanager.googleapis.com/v1/projects/cond-a45a5:testIamPermissions {"permissions":["firebase.projects.get"]}
[debug] [2023-12-13T13:29:31.020Z] >>> [apiv2][query] GET https://serviceusage.googleapis.com/v1/projects/cond-a45a5/services/cloudfunctions.googleapis.com [none]
[debug] [2023-12-13T13:29:31.021Z] >>> [apiv2][(partial)header] GET https://serviceusage.googleapis.com/v1/projects/cond-a45a5/services/cloudfunctions.googleapis.com x-goog-quota-user=projects/cond-a45a5
[debug] [2023-12-13T13:29:31.025Z] >>> [apiv2][query] GET https://serviceusage.googleapis.com/v1/projects/cond-a45a5/services/runtimeconfig.googleapis.com [none]
[debug] [2023-12-13T13:29:31.025Z] >>> [apiv2][(partial)header] GET https://serviceusage.googleapis.com/v1/projects/cond-a45a5/services/runtimeconfig.googleapis.com x-goog-quota-user=projects/cond-a45a5
[debug] [2023-12-13T13:29:32.149Z] <<< [apiv2][status] GET https://serviceusage.googleapis.com/v1/projects/cond-a45a5/services/cloudfunctions.googleapis.com 200
[debug] [2023-12-13T13:29:32.149Z] <<< [apiv2][body] GET https://serviceusage.googleapis.com/v1/projects/cond-a45a5/services/cloudfunctions.googleapis.com [omitted]
[debug] [2023-12-13T13:29:32.150Z] <<< [apiv2][status] GET https://serviceusage.googleapis.com/v1/projects/cond-a45a5/services/runtimeconfig.googleapis.com 200
[debug] [2023-12-13T13:29:32.151Z] <<< [apiv2][body] GET https://serviceusage.googleapis.com/v1/projects/cond-a45a5/services/runtimeconfig.googleapis.com [omitted]
[info] Let's create a new codebase for your functions.
[info] A directory corresponding to the codebase will be created in your project
[info] with sample code pre-configured.

[info] See https://firebase.google.com/docs/functions/organize-functions for
[info] more information on organizing your functions using codebases.

[info] Functions can be deployed with firebase deploy.

[info] +  Wrote functions/package.json 
[info] +  Wrote functions/.eslintrc.js 
[info] +  Wrote functions/index.js 
[info] +  Wrote functions/.gitignore 
[info] 
=== Hosting Setup
[debug] [2023-12-13T13:30:13.894Z] >>> [apiv2][query] GET https://firebase.googleapis.com/v1beta1/projects/cond-a45a5 [none]
[debug] [2023-12-13T13:30:14.632Z] <<< [apiv2][status] GET https://firebase.googleapis.com/v1beta1/projects/cond-a45a5 200
[debug] [2023-12-13T13:30:14.633Z] <<< [apiv2][body] GET https://firebase.googleapis.com/v1beta1/projects/cond-a45a5 {"projectId":"cond-a45a5","projectNumber":"456024160042","displayName":"cond","name":"projects/cond-a45a5","resources":{"hostingSite":"cond-a45a5","realtimeDatabaseInstance":"cond-a45a5-default-rtdb","storageBucket":"cond-a45a5.appspot.com","locationId":"europe-west"},"state":"ACTIVE","etag":"1_6754b738-633a-4ef5-8f7d-dccc616bc26e"}
[info] 
[info] Your public directory is the folder (relative to your project directory) that
[info] will contain Hosting assets to be uploaded with firebase deploy. If you
[info] have a build process for your assets, use your build's output directory.
[info] 
[debug] [2023-12-13T13:30:34.335Z] >>> [apiv2][query] GET https://www.gstatic.com/firebasejs/releases.json [none]
[debug] [2023-12-13T13:30:34.905Z] <<< [apiv2][status] GET https://www.gstatic.com/firebasejs/releases.json 200
[debug] [2023-12-13T13:30:34.906Z] <<< [apiv2][body] GET https://www.gstatic.com/firebasejs/releases.json {"current":{"version":"10.7.1","browserURL":"https://www.gstatic.com/firebasejs/10.7.1/firebase.js","packageURL":"https://www.gstatic.com/firebasejs/10.7.1/firebase.tgz"},"live":{"version":"10.7","browserURL":"https://www.gstatic.com/firebasejs/live/10.7/firebase.js","packageURL":"https://www.gstatic.com/firebasejs/live/10.7/firebase.tgz"},"components":{"analytics":"https://www.gstatic.com/firebasejs/10.7.1/firebase-analytics.js","app":"https://www.gstatic.com/firebasejs/10.7.1/firebase-app.js","app-check":"https://www.gstatic.com/firebasejs/10.7.1/firebase-app-check.js","auth":"https://www.gstatic.com/firebasejs/10.7.1/firebase-auth.js","auth/cordova":"https://www.gstatic.com/firebasejs/10.7.1/firebase-auth/cordova.js","functions":"https://www.gstatic.com/firebasejs/10.7.1/firebase-functions.js","firestore":"https://www.gstatic.com/firebasejs/10.7.1/firebase-firestore.js","firestore/lite":"https://www.gstatic.com/firebasejs/10.7.1/firebase-firestore/lite.js","installations":"https://www.gstatic.com/firebasejs/10.7.1/firebase-installations.js","storage":"https://www.gstatic.com/firebasejs/10.7.1/firebase-storage.js","performance":"https://www.gstatic.com/firebasejs/10.7.1/firebase-performance.js","remote-config":"https://www.gstatic.com/firebasejs/10.7.1/firebase-remote-config.js","messaging":"https://www.gstatic.com/firebasejs/10.7.1/firebase-messaging.js","messaging/sw":"https://www.gstatic.com/firebasejs/10.7.1/firebase-messaging/sw.js","database":"https://www.gstatic.com/firebasejs/10.7.1/firebase-database.js","firestore.memory":"https://www.gstatic.com/firebasejs/10.7.1/firebase-firestore.memory.js"}}
[info] +  Wrote public/index.html 
[info] 
[info] i  Didn't detect a .git folder. Assuming C:\Users\Diego\cond is the project root. 
[info] i  Authorizing with GitHub to upload your service account to a GitHub repository's secrets store. 
[info] 
[info] Visit this URL on this device to log in:
[info] https://github.com/login/oauth/authorize?client_id=89cf50f02ac6aaed3484&state=695532047&redirect_uri=http%3A%2F%2Flocalhost%3A9005&scope=read%3Auser%20repo%20public_repo
[info] 
[info] Waiting for authentication...
[debug] [2023-12-13T13:30:59.003Z] >>> [apiv2][query] POST https://github.com/login/oauth/access_token [none]
[debug] [2023-12-13T13:30:59.004Z] >>> [apiv2][body] POST https://github.com/login/oauth/access_token [stream]
[debug] [2023-12-13T13:31:00.515Z] <<< [apiv2][status] POST https://github.com/login/oauth/access_token 200
[debug] [2023-12-13T13:31:00.516Z] <<< [apiv2][body] POST https://github.com/login/oauth/access_token {"access_token":"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","token_type":"bearer","scope":"read:user,repo"}
[debug] [2023-12-13T13:31:00.648Z] >>> [apiv2][query] GET https://api.github.com/user [none]
[debug] [2023-12-13T13:31:01.244Z] <<< [apiv2][status] GET https://api.github.com/user 200
[debug] [2023-12-13T13:31:01.244Z] <<< [apiv2][body] GET https://api.github.com/user {"login":"bentojesus","id":131626998,"node_id":"U_kgDOB9h39g","avatar_url":"https://avatars.githubusercontent.com/u/131626998?v=4","gravatar_id":"","url":"https://api.github.com/users/bentojesus","html_url":"https://github.com/bentojesus","followers_url":"https://api.github.com/users/bentojesus/followers","following_url":"https://api.github.com/users/bentojesus/following{/other_user}","gists_url":"https://api.github.com/users/bentojesus/gists{/gist_id}","starred_url":"https://api.github.com/users/bentojesus/starred{/owner}{/repo}","subscriptions_url":"https://api.github.com/users/bentojesus/subscriptions","organizations_url":"https://api.github.com/users/bentojesus/orgs","repos_url":"https://api.github.com/users/bentojesus/repos","events_url":"https://api.github.com/users/bentojesus/events{/privacy}","received_events_url":"https://api.github.com/users/bentojesus/received_events","type":"User","site_admin":false,"name":"apppt","company":null,"blog":"","location":null,"email":null,"hireable":null,"bio":null,"twitter_username":null,"public_repos":14,"public_gists":0,"followers":0,"following":0,"created_at":"2023-04-24T00:12:28Z","updated_at":"2023-12-11T11:38:00Z","private_gists":0,"total_private_repos":2,"owned_private_repos":2,"disk_usage":3444,"collaborators":0,"two_factor_authentication":false,"plan":{"name":"free","space":976562499,"collaborators":0,"private_repos":10000}}
[info] 
[info] +  Success! Logged into GitHub as bentojesus 
[info] 
